make all --print-data-base --no-builtin-variables --no-builtin-rules --question
Makefile:27: *** You must run "make boot" first.  Stop.

# GNU Make 4.3
# Built for x86_64-pc-linux-gnu
# Copyright (C) 1988-2020 Free Software Foundation, Inc.
# License GPLv3+: GNU GPL version 3 or later <http://gnu.org/licenses/gpl.html>
# This is free software: you are free to change and redistribute it.
# There is NO WARRANTY, to the extent permitted by law.

# Make data base, printed on Tue Aug 30 07:12:17 2022

# Variables

# environment
GDK_BACKEND = x11
# environment
LC_ALL = C
# environment
GNOME_SHELL_SESSION_MODE = ubuntu
# environment
SSH_AGENT_LAUNCHER = gnome-keyring
# makefile (from 'Makefile', line 4)
FOLDER := /home/abujalance/Vue3/curso-vue3/
# environment
SNAP_INSTANCE_KEY = 
# environment
GJS_DEBUG_OUTPUT = stderr
# environment
VSCODE_CWD = /home/abujalance
# default
MAKE_COMMAND := make
# environment
QT_ACCESSIBILITY = 1
# automatic
@D = $(patsubst %/,%,$(dir $@))
# environment
SNAP_INSTANCE_NAME = code
# environment
GDK_PIXBUF_MODULEDIR = /snap/code/105/usr/lib/x86_64-linux-gnu/gdk-pixbuf-2.0/2.10.0/loaders
# environment
VSCODE_HANDLES_UNCAUGHT_ERRORS = true
# default
.VARIABLES := 
# environment
PWD = /home/abujalance/Vue3/curso-vue3
# automatic
%D = $(patsubst %/,%,$(dir $%))
# makefile (from 'Makefile', line 7)
CMD_BUILD := sh /root/bootstrap.sh; npm run build
# environment
XDG_DATA_DIRS = /usr/share/ubuntu:/usr/local/share/:/usr/share/:/var/lib/snapd/desktop
# automatic
^D = $(patsubst %/,%,$(dir $^))
# automatic
%F = $(notdir $%)
# environment
VSCODE_CODE_CACHE_PATH = /home/abujalance/.config/Code/CachedData/e4503b30fc78200f846c62cf8091b76ff5547662
# environment
LANG = C
# environment
XAUTHORITY = /run/user/1000/.mutter-Xwaylandauth.LY4DR1
# default
.LOADED := 
# default
.INCLUDE_DIRS = /usr/local/include /usr/include /usr/include
# makefile
MAKEFLAGS = pqrR
# makefile (from 'Makefile', line 1)
MYNAME := abujalance
# makefile
CURDIR := /home/abujalance/Vue3/curso-vue3
# environment
APPLICATION_INSIGHTS_NO_DIAGNOSTIC_CHANNEL = 1
# environment
LESSOPEN = | /usr/bin/lesspipe %s
# automatic
*D = $(patsubst %/,%,$(dir $*))
# makefile (from 'Makefile', line 2)
VERSION := `node -pe "require('./package.json').version"`
# makefile (from 'Makefile', line 19)
IMAGE := ngcs-dev-tools01.arsysdesarrollo.lan:5000/gta-ci:latest
# environment
MFLAGS = -pqrR
# environment
SSH_AUTH_SOCK = /run/user/1000/keyring/ssh
# default
.SHELLFLAGS := -c
# environment
WAYLAND_DISPLAY = wayland-0
# environment
XDG_CONFIG_DIRS = /etc/xdg/xdg-ubuntu:/etc/xdg
# automatic
+D = $(patsubst %/,%,$(dir $+))
# makefile (from 'Makefile', line 16)
CMD_USER_PERMISSIONS := sh /root/bootstrap.sh; chmod -R 777 .
# environment
XDG_SESSION_DESKTOP = ubuntu
# makefile (from 'Makefile', line 1)
MAKEFILE_LIST := Makefile
# environment
SNAP_REEXEC = 
# automatic
@F = $(notdir $@)
# environment
VSCODE_PID = 6905
# environment
XDG_SESSION_TYPE = wayland
# automatic
?D = $(patsubst %/,%,$(dir $?))
# environment
BAMF_DESKTOP_FILE_HINT = /var/lib/snapd/desktop/applications/code_code.desktop
# environment
SESSION_MANAGER = local/185673:@/tmp/.ICE-unix/2477,unix/185673:/tmp/.ICE-unix/2477
# automatic
*F = $(notdir $*)
# environment
CHROME_DESKTOP = code-url-handler.desktop
# environment
DBUS_SESSION_BUS_ADDRESS = unix:path=/run/user/1000/bus
# makefile (from 'Makefile', line 8)
CMD_BUILD_DEV := sh /root/bootstrap.sh; npm run build:dev
# automatic
<D = $(patsubst %/,%,$(dir $<))
# environment
VSCODE_NLS_CONFIG = {"locale":"es","availableLanguages":{"*":"es"},"_languagePackId":"9336b18a2694f1b71e2417b4e335df52.es","_translationsConfigFile":"/home/abujalance/.config/Code/clp/9336b18a2694f1b71e2417b4e335df52.es/tcf.json","_cacheRoot":"/home/abujalance/.config/Code/clp/9336b18a2694f1b71e2417b4e335df52.es","_resolvedLanguagePackCoreLocation":"/home/abujalance/.config/Code/clp/9336b18a2694f1b71e2417b4e335df52.es/e4503b30fc78200f846c62cf8091b76ff5547662","_corruptedFile":"/home/abujalance/.config/Code/clp/9336b18a2694f1b71e2417b4e335df52.es/corrupted.info","_languagePackSupport":true}
# default
MAKE_HOST := x86_64-pc-linux-gnu
# environment
GNOME_DESKTOP_SESSION_ID = this-is-deprecated
# makefile
SHELL = /bin/sh
# default
MAKECMDGOALS := all
# environment
XMODIFIERS = @im=ibus
# environment
GJS_DEBUG_TOPICS = JS ERROR;JS LOG
# environment
SHLVL = 0
# environment
MAKELEVEL := 0
# environment
IM_CONFIG_CHECK_ENV = 1
# makefile (from 'Makefile', line 9)
CMD_TEST := sh /root/bootstrap.sh; npm run test
# default
MAKE = $(MAKE_COMMAND)
# environment
SNAP_COOKIE = eWhEUYTnRcfyud3H4OEf3dZCSZ3DThYvbpgd-LEXUAFmsQkCqd2S
# environment
PATH = /usr/local/sbin:/usr/local/bin:/usr/sbin:/usr/bin:/sbin:/bin:/usr/games:/usr/local/games:/snap/bin:/snap/bin
# default
MAKEFILES := 
# automatic
^F = $(notdir $^)
# environment
SNAP_USER_COMMON = /home/abujalance/snap/code/common
# environment
SNAP = /snap/code/105
# environment
INVOCATION_ID = 13bb0c4eb73f4500bcf9b366eb6f4a17
# environment
SNAP_REVISION = 105
# environment
SNAP_REAL_HOME = /home/abujalance
# environment
USERNAME = abujalance
# environment
GNOME_SETUP_DISPLAY = :1
# environment
LESSCLOSE = /usr/bin/lesspipe %s %s
# automatic
?F = $(notdir $?)
# makefile (from 'Makefile', line 3)
NAME := `node -pe "require('./package.json').name"`
# environment
XDG_CURRENT_DESKTOP = Unity
# environment
LS_COLORS = 
# automatic
+F = $(notdir $+)
# environment
DESKTOP_SESSION = ubuntu
# environment
ORIGINAL_XDG_CURRENT_DESKTOP = ubuntu:GNOME
# makefile (from 'Makefile', line 10)
CMD_TDD := sh /root/bootstrap.sh; npm run tdd
# environment
GNUMAKEFLAGS := 
# environment
LOGNAME = abujalance
# environment
GIO_LAUNCHED_DESKTOP_FILE = /var/lib/snapd/desktop/applications/code_code.desktop
# environment
SNAP_ARCH = amd64
# makefile
.DEFAULT_GOAL := check
# environment
SYSTEMD_EXEC_PID = 2499
# environment
DISPLAY = :0
# environment
USER = abujalance
# environment
GTK_MODULES = gail:atk-bridge
# default
MAKE_VERSION := 4.3
# 'override' directive
.SHELLSTATUS := 0
# environment
DISABLE_WAYLAND = 1
# environment
SNAP_DATA = /var/snap/code/105
# environment
SNAP_CONTEXT = eWhEUYTnRcfyud3H4OEf3dZCSZ3DThYvbpgd-LEXUAFmsQkCqd2S
# makefile (from 'Makefile', line 18)
IMAGE_VERSION := latest
# environment
MANAGERPID = 2250
# environment
GIO_LAUNCHED_DESKTOP_FILE_PID = 6862
# environment
_ = /snap/code/105/usr/share/code/code
# environment
XDG_RUNTIME_DIR = /run/user/1000
# makefile (from 'Makefile', line 14)
CMD_ROOT_PERMISSIONS := sh /root/bootstrap.sh; chown -R root:root .
# environment
GDK_PIXBUF_MODULE_FILE = /home/abujalance/snap/code/common/.cache/gdk-pixbuf-loaders.cache
# environment
JOURNAL_STREAM = 8:39482
# environment
XDG_SESSION_CLASS = user
# environment
VSCODE_AMD_ENTRYPOINT = vs/workbench/api/node/extensionHostProcess
# environment
HOME = /home/abujalance
# environment
QT_IM_MODULE = ibus
# makefile (from 'Makefile', line 11)
CMD_TEST_UNIT := sh /root/bootstrap.sh; npm run test:unit
# makefile (from 'Makefile', line 13)
CMD_TEST_FUNCTIONAL := sh /root/bootstrap.sh; npm run test:functional
# makefile (from 'Makefile', line 6)
CMD_INSTALL := sh /root/bootstrap.sh; npm install --legacy-peer-deps
# environment
ELECTRON_RUN_AS_NODE = 1
# environment
VSCODE_IPC_HOOK = /run/user/1000/vscode-d391f973-1.70.2-main.sock
# environment
SNAP_NAME = code
# environment
GSETTINGS_SCHEMA_DIR = /snap/code/105/usr/share/glib-2.0/schemas
# environment
IM_CONFIG_PHASE = 1
# default
.RECIPEPREFIX := 
# automatic
<F = $(notdir $<)
# environment
SNAP_VERSION = e4503b30
# default
SUFFIXES := 
# environment
VSCODE_CLI = 1
# environment
ELECTRON_NO_ATTACH_CONSOLE = 1
# environment
SNAP_COMMON = /var/snap/code/common
# default
.FEATURES := target-specific order-only second-expansion else-if shortest-stem undefine oneshell nocomment grouped-target extra-prereqs archives jobserver output-sync check-symlink load
# makefile (from 'Makefile', line 12)
CMD_TEST_INTEGRATION := sh /root/bootstrap.sh; npm run test:integration
# environment
SNAP_USER_DATA = /home/abujalance/snap/code/105
# makefile (from 'Makefile', line 17)
IMAGE_REPO := ngcs-dev-tools01.arsysdesarrollo.lan:5000
# environment
XDG_MENU_PREFIX = gnome-
# makefile (from 'Makefile', line 5)
 
BOOTSTRAP := sh /root/bootstrap.sh
# environment
GDMSESSION = ubuntu
# environment
SNAP_LIBRARY_PATH = /var/lib/snapd/lib/gl:/var/lib/snapd/lib/gl32:/var/lib/snapd/void
# variable set hash-table stats:
# Load=136/1024=13%, Rehash=0, Collisions=8/167=5%

# Pattern-specific Variable Values

# No pattern-specific variable values.

# Directories

# . (device 64769, inode 9311178): 19 files, no impossibilities.

# 19 files, no impossibilities in 1 directories.

# Implicit Rules

# No implicit rules.

# Files

check:
#  Implicit rule search has not been done.
#  Modification time never checked.
#  File has not been updated.

# Not a target:
Makefile:
#  Implicit rule search has not been done.
#  Modification time never checked.
#  File has not been updated.

# Not a target:
.DEFAULT:
#  Implicit rule search has not been done.
#  Modification time never checked.
#  File has not been updated.

# Not a target:
all:
#  Command line target.
#  Implicit rule search has not been done.
#  Modification time never checked.
#  File has not been updated.

.PHONY: check
#  Implicit rule search has not been done.
#  Modification time never checked.
#  File has not been updated.

# files hash-table stats:
# Load=6/1024=1%, Rehash=0, Collisions=0/9=0%
# VPATH Search Paths

# No 'vpath' search paths.

# No general ('VPATH' variable) search path.

# strcache buffers: 1 (0) / strings = 26 / storage = 254 B / avg = 9 B
# current buf: size = 8162 B / used = 254 B / count = 26 / avg = 9 B

# strcache performance: lookups = 33 / hit rate = 21%
# hash-table stats:
# Load=26/8192=0%, Rehash=0, Collisions=0/33=0%
# Finished Make data base on Tue Aug 30 07:12:17 2022

 
